000 (26924.000.000) 03/06 11:47:20 Job submitted from host: <131.220.98.164:9618?addrs=131.220.98.164-9618+[--1]-9618&noUDP&sock=1952857_5ce5_4>
...
001 (26924.000.000) 03/06 11:47:20 Job executing on host: <192.168.0.16:9618?addrs=192.168.0.16-9618+[--1]-9618&noUDP&sock=3024_1ae3_79>
...
006 (26924.000.000) 03/06 11:47:21 Image size of job updated: 72
	1  -  MemoryUsage of job (MB)
	72  -  ResidentSetSize of job (KB)
...
005 (26924.000.000) 03/06 11:47:21 Job terminated.
	(1) Normal termination (return value 0)
		Usr 0 00:00:00, Sys 0 00:00:00  -  Run Remote Usage
		Usr 0 00:00:00, Sys 0 00:00:00  -  Run Local Usage
		Usr 0 00:00:00, Sys 0 00:00:00  -  Total Remote Usage
		Usr 0 00:00:00, Sys 0 00:00:00  -  Total Local Usage
	0  -  Run Bytes Sent By Job
	0  -  Run Bytes Received By Job
	0  -  Total Bytes Sent By Job
	0  -  Total Bytes Received By Job
	Partitionable Resources :    Usage  Request Allocated
	   Cpus                 :                 1         1
	   Disk (KB)            :        1        1    138966
	   Memory (MB)          :        1        1         1
...
000 (26925.000.000) 03/06 11:50:11 Job submitted from host: <131.220.98.164:9618?addrs=131.220.98.164-9618+[--1]-9618&noUDP&sock=1952857_5ce5_4>
...
001 (26925.000.000) 03/06 11:50:12 Job executing on host: <192.168.0.16:9618?addrs=192.168.0.16-9618+[--1]-9618&noUDP&sock=3024_1ae3_79>
...
006 (26925.000.000) 03/06 11:50:20 Image size of job updated: 78292
	77  -  MemoryUsage of job (MB)
	77924  -  ResidentSetSize of job (KB)
...
006 (26925.000.000) 03/06 11:55:20 Image size of job updated: 859928
	835  -  MemoryUsage of job (MB)
	855024  -  ResidentSetSize of job (KB)
...
006 (26925.000.000) 03/06 12:00:21 Image size of job updated: 861824
	837  -  MemoryUsage of job (MB)
	856920  -  ResidentSetSize of job (KB)
...
006 (26925.000.000) 03/06 12:05:22 Image size of job updated: 909420
	884  -  MemoryUsage of job (MB)
	904516  -  ResidentSetSize of job (KB)
...
006 (26925.000.000) 03/06 12:10:22 Image size of job updated: 910244
	885  -  MemoryUsage of job (MB)
	905340  -  ResidentSetSize of job (KB)
...
006 (26925.000.000) 03/06 12:15:22 Image size of job updated: 978668
	951  -  MemoryUsage of job (MB)
	973764  -  ResidentSetSize of job (KB)
...
006 (26925.000.000) 03/06 12:20:23 Image size of job updated: 985476
	958  -  MemoryUsage of job (MB)
	980572  -  ResidentSetSize of job (KB)
...
006 (26925.000.000) 03/06 12:50:26 Image size of job updated: 1053328
	1024  -  MemoryUsage of job (MB)
	1048424  -  ResidentSetSize of job (KB)
...
006 (26925.000.000) 03/06 12:55:27 Image size of job updated: 1057364
	1028  -  MemoryUsage of job (MB)
	1052460  -  ResidentSetSize of job (KB)
...
009 (26923.000.000) 03/06 12:58:45 Job was aborted by the user.
	via condor_rm (by user jantoniadis)
...
006 (26925.000.000) 03/06 12:58:45 Image size of job updated: 1057364
	1028  -  MemoryUsage of job (MB)
	1052572  -  ResidentSetSize of job (KB)
...
004 (26925.000.000) 03/06 12:58:45 Job was evicted.
	(0) Job was not checkpointed.
		Usr 0 01:06:35, Sys 0 00:00:07  -  Run Remote Usage
		Usr 0 00:00:00, Sys 0 00:00:00  -  Run Local Usage
	0  -  Run Bytes Sent By Job
	0  -  Run Bytes Received By Job
	Partitionable Resources :    Usage  Request Allocated
	   Cpus                 :                 1         1
	   Disk (KB)            :        1        1    138966
	   Memory (MB)          :     1028        1         1
...
009 (26925.000.000) 03/06 12:58:45 Job was aborted by the user.
	via condor_rm (by user jantoniadis)
...
000 (259.000.000) 03/06 13:00:42 Job submitted from host: <131.220.96.185:9618?addrs=131.220.96.185-9618+[--1]-9618&noUDP&sock=2238_f972_3>
...
001 (259.000.000) 03/06 13:00:43 Job executing on host: <131.220.96.191:9618?addrs=131.220.96.191-9618+[--1]-9618&noUDP&sock=2537_6557_4>
...
006 (259.000.000) 03/06 13:00:52 Image size of job updated: 92132
	85  -  MemoryUsage of job (MB)
	86224  -  ResidentSetSize of job (KB)
...
007 (259.000.000) 03/06 13:00:57 Shadow exception!
	Error from slot1_1@aibn191.astro.uni-bonn.de: Your job used too much memory, as measured by ImageSize.  If virtual memory usage is not a reliable estimate of real memory requirements for your job, please add the attribute MemoryRequirementsMB to your job to override this check.
	0  -  Run Bytes Sent By Job
	85  -  Run Bytes Received By Job
...
012 (259.000.000) 03/06 13:00:57 Job was held.
	Error from slot1_1@aibn191.astro.uni-bonn.de: Your job used too much memory, as measured by ImageSize.  If virtual memory usage is not a reliable estimate of real memory requirements for your job, please add the attribute MemoryRequirementsMB to your job to override this check.
	Code 21 Subcode 0
...
009 (259.000.000) 03/06 13:23:26 Job was aborted by the user.
	via condor_rm (by user jantoniadis)
...
